Temp/gradleOut/build/outputs/logs/manifest-merger-release-report.txt
-- Merging decision tree log ---
manifest
ADDED from src/main/AndroidManifest.xml:2:1-63:12
INJECTED from src/main/AndroidManifest.xml:2:1-63:12
INJECTED from src/main/AndroidManifest.xml:2:1-63:12
INJECTED from src/main/AndroidManifest.xml:2:1-63:12
MERGED from [com.sunit:aggregation-android:1.5.1.0] AndroidManifest.xml:2:1-26:12
MERGED from [androidx.multidex:multidex:2.0.0] AndroidManifest.xml:17:1-22:12
MERGED from [com.adcolony:sdk:4.1.0] AndroidManifest.xml:2:1-27:12
MERGED from [com.google.ads.mediation:facebook:5.6.1.0] AndroidManifest.xml:2:1-11:12
MERGED from [com.google.ads.mediation:mopub:5.10.0.0] AndroidManifest.xml:2:1-29:12
MERGED from [com.google.ads.mediation:unity:3.4.2.0] AndroidManifest.xml:2:1-11:12
MERGED from [com.google.ads.mediation:applovin:9.11.4.0] AndroidManifest.xml:2:1-11:12
MERGED from [com.google.android.gms:play-services-ads:18.3.0] AndroidManifest.xml:17:1-25:12
MERGED from [com.applovin:applovin-sdk:9.11.4] AndroidManifest.xml:2:1-38:12
MERGED from [com.facebook.android:audience-network-sdk:5.6.1] AndroidManifest.xml:2:1-41:12
MERGED from [com.unity3d.ads:unity-ads:3.4.2] AndroidManifest.xml:2:1-37:12
MERGED from [com.vungle:publisher-sdk-android:6.4.11] AndroidManifest.xml:2:1-49:12
MERGED from [com.mopub:mopub-sdk:5.10.0] AndroidManifest.xml:2:1-13:12
MERGED from [com.mopub.mediation:admob:18.3.0.3] AndroidManifest.xml:2:1-12:12
MERGED from [com.mopub.mediation:facebookaudiencenetwork:5.6.1.0] AndroidManifest.xml:2:1-16:12
MERGED from [com.fyber.vamp:core-sdk:7.3.4] AndroidManifest.xml:2:1-28:12
MERGED from [com.fyber.vamp:video-kit:7.3.4] AndroidManifest.xml:2:1-20:12
MERGED from [com.fyber.vamp:mraid-kit:7.3.4] AndroidManifest.xml:2:1-20:12
MERGED from [com.flurry.android:analytics:12.1.0] AndroidManifest.xml:3:1-21:12
MERGED from [com.sunit:admediation:1.5.1.0] AndroidManifest.xml:2:1-97:12
MERGED from [com.sunit:assistant:1.5.1.0] AndroidManifest.xml:2:1-25:12
MERGED from [com.sunit:update:1.5.1.0] AndroidManifest.xml:2:1-36:12
MERGED from [com.sunit:login:1.5.1.0] AndroidManifest.xml:2:1-20:12
MERGED from [com.ushareit:paylite:1.1.80] AndroidManifest.xml:2:1-39:12
MERGED from [com.sunit:base:1.5.1.0] AndroidManifest.xml:2:1-67:12
MERGED from [com.sunit:adshonor:1.5.1.0] AndroidManifest.xml:2:1-40:12
MERGED from [com.sunit:adsdkcpiadapter:1.5.1.0] AndroidManifest.xml:2:1-88:12
MERGED from [com.sunit:adsdkanalytics:1.5.1.0] AndroidManifest.xml:2:1-11:12
MERGED from [com.sunit:adsdkcpi:1.5.1.0] AndroidManifest.xml:2:1-11:12
MERGED from [com.sunit:adsdkdownload:1.5.1.0] AndroidManifest.xml:2:1-18:12
MERGED from [com.sunit:adsdkcommon:1.5.1.0] AndroidManifest.xml:2:1-18:12
MERGED from [com.sunit:sdkalive:1.5.1.0] AndroidManifest.xml:2:1-277:12
MERGED from [androidx.browser:browser:1.0.0] AndroidManifest.xml:17:1-22:12
MERGED from [com.google.android.gms:play-services-gass:18.3.0] AndroidManifest.xml:2:1-9:12
MERGED from [com.sunit:sdkcore:1.5.1.0] AndroidManifest.xml:2:1-11:12
MERGED from [com.google.android.gms:play-services-ads-identifier:17.0.0] AndroidManifest.xml:17:1-24:12
MERGED from [com.google.android.gms:play-services-location:17.0.0] AndroidManifest.xml:2:1-9:12
MERGED from [com.google.android.gms:play-services-ads-lite:18.3.0] AndroidManifest.xml:17:1-42:12
MERGED from [com.google.android.gms:play-services-measurement-sdk-api:17.1.0] AndroidManifest.xml:17:1-27:12
MERGED from [com.google.android.gms:play-services-base:17.0.0] AndroidManifest.xml:17:1-29:12
MERGED from [com.google.android.gms:play-services-tasks:17.0.0] AndroidManifest.xml:2:1-9:12
MERGED from [com.google.android.gms:play-services-places-placereport:17.0.0] AndroidManifest.xml:17:1-24:12
MERGED from [com.google.android.gms:play-services-measurement-base:17.1.0] AndroidManifest.xml:2:1-9:12
MERGED from [com.google.android.gms:play-services-basement:17.0.0] AndroidManifest.xml:17:1-28:12
MERGED from [com.github.bumptech.glide:glide:4.11.0] AndroidManifest.xml:2:1-12:12
MERGED from [com.mopub:mopub-sdk-banner:5.10.0] AndroidManifest.xml:2:1-13:12
MERGED from [com.mopub:mopub-sdk-rewardedvideo:5.10.0] AndroidManifest.xml:2:1-18:12
MERGED from [com.mopub:mopub-sdk-interstitial:5.10.0] AndroidManifest.xml:2:1-22:12
MERGED from [com.mopub:mopub-sdk-native-video:5.10.0] AndroidManifest.xml:2:1-13:12
MERGED from [com.mopub:mopub-sdk-native-static:5.10.0] AndroidManifest.xml:2:1-13:12
MERGED from [com.mopub:mopub-sdk-base:5.10.0] AndroidManifest.xml:2:1-30:12
MERGED from [androidx.legacy:legacy-support-v4:1.0.0] AndroidManifest.xml:17:1-22:12
MERGED from [androidx.appcompat:appcompat:1.1.0] AndroidManifest.xml:17:1-24:12
MERGED from [androidx.fragment:fragment:1.1.0] AndroidManifest.xml:17:1-24:12
MERGED from [androidx.work:work-runtime:2.2.0] AndroidManifest.xml:17:1-125:12
MERGED from [androidx.room:room-runtime:2.1.0] AndroidManifest.xml:17:1-30:12
MERGED from [androidx.appcompat:appcompat-resources:1.1.0] AndroidManifest.xml:17:1-24:12
MERGED from [androidx.recyclerview:recyclerview:1.0.0] AndroidManifest.xml:17:1-22:12
MERGED from [androidx.legacy:legacy-support-core-ui:1.0.0] AndroidManifest.xml:17:1-22:12
MERGED from [androidx.legacy:legacy-support-core-utils:1.0.0] AndroidManifest.xml:17:1-22:12
MERGED from [androidx.loader:loader:1.0.0] AndroidManifest.xml:17:1-22:12
MERGED from [androidx.drawerlayout:drawerlayout:1.0.0] AndroidManifest.xml:17:1-22:12
MERGED from [androidx.viewpager:viewpager:1.0.0] AndroidManifest.xml:17:1-22:12
MERGED from [androidx.coordinatorlayout:coordinatorlayout:1.0.0] AndroidManifest.xml:17:1-22:12
MERGED from [androidx.slidingpanelayout:slidingpanelayout:1.0.0] AndroidManifest.xml:17:1-22:12
MERGED from [androidx.customview:customview:1.0.0] AndroidManifest.xml:17:1-22:12
MERGED from [androidx.swiperefreshlayout:swiperefreshlayout:1.0.0] AndroidManifest.xml:17:1-22:12
MERGED from [androidx.asynclayoutinflater:asynclayoutinflater:1.0.0] AndroidManifest.xml:17:1-22:12
MERGED from [androidx.activity:activity:1.0.0] AndroidManifest.xml:17:1-24:12
MERGED from [androidx.vectordrawable:vectordrawable-animated:1.1.0] AndroidManifest.xml:17:1-24:12
MERGED from [androidx.vectordrawable:vectordrawable:1.1.0] AndroidManifest.xml:17:1-24:12
MERGED from [com.google.android.exoplayer:exoplayer:2.10.3] AndroidManifest.xml:17:1-24:12
MERGED from [com.google.android.exoplayer:exoplayer-ui:2.10.3] AndroidManifest.xml:17:1-24:12
MERGED from [androidx.media:media:1.0.1] AndroidManifest.xml:17:1-22:12
MERGED from [androidx.core:core:1.1.0] AndroidManifest.xml:17:1-26:12
MERGED from [androidx.versionedparcelable:versionedparcelable:1.1.0] AndroidManifest.xml:17:1-27:12
MERGED from [com.google.android.gms:play-services-ads-base:18.3.0] AndroidManifest.xml:2:1-9:12
MERGED from [androidx.test.ext:junit:1.1.2-alpha02] AndroidManifest.xml:17:1-24:12
MERGED from [androidx.print:print:1.0.0] AndroidManifest.xml:17:1-22:12
MERGED from [androidx.localbroadcastmanager:localbroadcastmanager:1.0.0] AndroidManifest.xml:17:1-22:12
MERGED from [androidx.documentfile:documentfile:1.0.0] AndroidManifest.xml:17:1-22:12
MERGED from [androidx.cursoradapter:cursoradapter:1.0.0] AndroidManifest.xml:17:1-22:12
MERGED from [androidx.test:core:1.2.1-alpha02] AndroidManifest.xml:17:1-50:12
MERGED from [androidx.test.espresso:espresso-core:3.3.0-alpha02] AndroidManifest.xml:17:1-24:12
MERGED from [androidx.test:runner:1.3.0-alpha02] AndroidManifest.xml:17:1-24:12
MERGED from [androidx.test:monitor:1.3.0-alpha02] AndroidManifest.xml:17:1-24:12
MERGED from [com.github.bumptech.glide:gifdecoder:4.11.0] AndroidManifest.xml:2:1-11:12
MERGED from [androidx.exifinterface:exifinterface:1.0.0] AndroidManifest.xml:17:1-22:12
MERGED from [androidx.interpolator:interpolator:1.0.0] AndroidManifest.xml:17:1-22:12
MERGED from [com.google.android.exoplayer:exoplayer-dash:2.10.3] AndroidManifest.xml:17:1-24:12
MERGED from [com.google.android.exoplayer:exoplayer-hls:2.10.3] AndroidManifest.xml:17:1-24:12
MERGED from [com.google.android.exoplayer:exoplayer-smoothstreaming:2.10.3] AndroidManifest.xml:17:1-24:12
MERGED from [com.google.android.exoplayer:exoplayer-core:2.10.3] AndroidManifest.xml:17:1-26:12
MERGED from [androidx.lifecycle:lifecycle-livedata:2.0.0] AndroidManifest.xml:17:1-22:12
MERGED from [androidx.lifecycle:lifecycle-livedata-core:2.0.0] AndroidManifest.xml:17:1-22:12
MERGED from [androidx.arch.core:core-runtime:2.0.1] AndroidManifest.xml:17:1-22:12
MERGED from [androidx.sqlite:sqlite-framework:2.0.1] AndroidManifest.xml:17:1-22:12
MERGED from [androidx.sqlite:sqlite:2.0.1] AndroidManifest.xml:17:1-22:12
MERGED from [androidx.lifecycle:lifecycle-service:2.0.0] AndroidManifest.xml:17:1-22:12
MERGED from [androidx.lifecycle:lifecycle-runtime:2.1.0] AndroidManifest.xml:17:1-22:12
MERGED from [androidx.lifecycle:lifecycle-viewmodel:2.1.0] AndroidManifest.xml:17:1-22:12
MERGED from [androidx.savedstate:savedstate:1.0.0] AndroidManifest.xml:17:1-24:12
MERGED from [pl.droidsonroids.gif:android-gif-drawable:1.2.8] AndroidManifest.xml:2:1-11:12
MERGED from [androidx.test.espresso:espresso-idling-resource:3.3.0-alpha02] AndroidManifest.xml:17:1-24:12
MERGED from [androidx.constraintlayout:constraintlayout:1.1.3] AndroidManifest.xml:2:1-11:12
INJECTED from src/main/AndroidManifest.xml:2:1-63:12
INJECTED from src/main/AndroidManifest.xml:2:1-63:12
INJECTED from src/main/AndroidManifest.xml:2:1-63:12
	package
		ADDED from src/main/AndroidManifest.xml:2:70-105
		INJECTED from src/main/AndroidManifest.xml
		INJECTED from src/main/AndroidManifest.xml
	android:versionName
		INJECTED from src/main/AndroidManifest.xml
		ADDED from src/main/AndroidManifest.xml:2:1-63:12
		INJECTED from src/main/AndroidManifest.xml
	xmlns:tools
		ADDED from src/main/AndroidManifest.xml:2:106-152
	android:versionCode
		INJECTED from src/main/AndroidManifest.xml
		ADDED from src/main/AndroidManifest.xml:2:1-63:12
		INJECTED from src/main/AndroidManifest.xml
	xmlns:android
		ADDED from src/main/AndroidManifest.xml:2:11-69
	android:installLocation
		ADDED from src/main/AndroidManifest.xml:2:153-193
uses-permission#android.permission.WRITE_EXTERNAL_STORAGE
ADDED from src/main/AndroidManifest.xml:3:3-79
MERGED from [com.vungle:publisher-sdk-android:6.4.11] AndroidManifest.xml:14:5-16:38
MERGED from [com.vungle:publisher-sdk-android:6.4.11] AndroidManifest.xml:14:5-16:38
MERGED from [com.sunit:assistant:1.5.1.0] AndroidManifest.xml:15:5-81
MERGED from [com.sunit:assistant:1.5.1.0] AndroidManifest.xml:15:5-81
MERGED from [com.sunit:update:1.5.1.0] AndroidManifest.xml:15:5-81
MERGED from [com.sunit:update:1.5.1.0] AndroidManifest.xml:15:5-81
MERGED from [com.sunit:login:1.5.1.0] AndroidManifest.xml:15:5-81
MERGED from [com.sunit:login:1.5.1.0] AndroidManifest.xml:15:5-81
MERGED from [com.sunit:base:1.5.1.0] AndroidManifest.xml:16:5-18:48
MERGED from [com.sunit:base:1.5.1.0] AndroidManifest.xml:16:5-18:48
	android:maxSdkVersion
		ADDED from [com.vungle:publisher-sdk-android:6.4.11] AndroidManifest.xml:16:9-35
	tools:remove
		ADDED from [com.sunit:base:1.5.1.0] AndroidManifest.xml:18:9-45
	android:name
		ADDED from src/main/AndroidManifest.xml:3:20-76
supports-screens
ADDED from src/main/AndroidManifest.xml:4:3-163
	android:largeScreens
		ADDED from src/main/AndroidManifest.xml:4:78-105
	android:smallScreens
		ADDED from src/main/AndroidManifest.xml:4:21-48
	android:normalScreens
		ADDED from src/main/AndroidManifest.xml:4:49-77
	android:xlargeScreens
		ADDED from src/main/AndroidManifest.xml:4:106-134
	android:anyDensity
		ADDED from src/main/AndroidManifest.xml:4:135-160
application
ADDED from src/main/AndroidManifest.xml:5:3-57:17
MERGED from [com.sunit:aggregation-android:1.5.1.0] AndroidManifest.xml:11:5-24:19
MERGED from [com.sunit:aggregation-android:1.5.1.0] AndroidManifest.xml:11:5-24:19
MERGED from [com.adcolony:sdk:4.1.0] AndroidManifest.xml:16:5-25:19
MERGED from [com.adcolony:sdk:4.1.0] AndroidManifest.xml:16:5-25:19
MERGED from [com.google.ads.mediation:mopub:5.10.0.0] AndroidManifest.xml:11:5-27:19
MERGED from [com.google.ads.mediation:mopub:5.10.0.0] AndroidManifest.xml:11:5-27:19
MERGED from [com.applovin:applovin-sdk:9.11.4] AndroidManifest.xml:14:5-36:19
MERGED from [com.applovin:applovin-sdk:9.11.4] AndroidManifest.xml:14:5-36:19
MERGED from [com.facebook.android:audience-network-sdk:5.6.1] AndroidManifest.xml:14:5-39:19
MERGED from [com.facebook.android:audience-network-sdk:5.6.1] AndroidManifest.xml:14:5-39:19
MERGED from [com.unity3d.ads:unity-ads:3.4.2] AndroidManifest.xml:14:5-35:19
MERGED from [com.unity3d.ads:unity-ads:3.4.2] AndroidManifest.xml:14:5-35:19
MERGED from [com.vungle:publisher-sdk-android:6.4.11] AndroidManifest.xml:18:5-47:19
MERGED from [com.vungle:publisher-sdk-android:6.4.11] AndroidManifest.xml:18:5-47:19
MERGED from [com.mopub:mopub-sdk:5.10.0] AndroidManifest.xml:11:5-20
MERGED from [com.mopub:mopub-sdk:5.10.0] AndroidManifest.xml:11:5-20
MERGED from [com.mopub.mediation:facebookaudiencenetwork:5.6.1.0] AndroidManifest.xml:10:5-14:19
MERGED from [com.mopub.mediation:facebookaudiencenetwork:5.6.1.0] AndroidManifest.xml:10:5-14:19
MERGED from [com.fyber.vamp:core-sdk:7.3.4] AndroidManifest.xml:14:5-26:19
MERGED from [com.fyber.vamp:core-sdk:7.3.4] AndroidManifest.xml:14:5-26:19
MERGED from [com.fyber.vamp:video-kit:7.3.4] AndroidManifest.xml:9:5-18:19
MERGED from [com.fyber.vamp:video-kit:7.3.4] AndroidManifest.xml:9:5-18:19
MERGED from [com.fyber.vamp:mraid-kit:7.3.4] AndroidManifest.xml:9:5-18:19
MERGED from [com.fyber.vamp:mraid-kit:7.3.4] AndroidManifest.xml:9:5-18:19
MERGED from [com.flurry.android:analytics:12.1.0] AndroidManifest.xml:14:5-19:19
MERGED from [com.flurry.android:analytics:12.1.0] AndroidManifest.xml:14:5-19:19
MERGED from [com.sunit:admediation:1.5.1.0] AndroidManifest.xml:15:5-95:19
MERGED from [com.sunit:admediation:1.5.1.0] AndroidManifest.xml:15:5-95:19
MERGED from [com.sunit:assistant:1.5.1.0] AndroidManifest.xml:18:5-23:19
MERGED from [com.sunit:assistant:1.5.1.0] AndroidManifest.xml:18:5-23:19
MERGED from [com.sunit:update:1.5.1.0] AndroidManifest.xml:18:5-34:19
MERGED from [com.sunit:update:1.5.1.0] AndroidManifest.xml:18:5-34:19
MERGED from [com.sunit:login:1.5.1.0] AndroidManifest.xml:17:5-18:19
MERGED from [com.sunit:login:1.5.1.0] AndroidManifest.xml:17:5-18:19
MERGED from [com.ushareit:paylite:1.1.80] AndroidManifest.xml:14:5-37:19
MERGED from [com.ushareit:paylite:1.1.80] AndroidManifest.xml:14:5-37:19
MERGED from [com.sunit:base:1.5.1.0] AndroidManifest.xml:20:5-65:19
MERGED from [com.sunit:base:1.5.1.0] AndroidManifest.xml:20:5-65:19
MERGED from [com.sunit:adshonor:1.5.1.0] AndroidManifest.xml:13:5-38:19
MERGED from [com.sunit:adshonor:1.5.1.0] AndroidManifest.xml:13:5-38:19
MERGED from [com.sunit:adsdkcpiadapter:1.5.1.0] AndroidManifest.xml:11:5-86:19
MERGED from [com.sunit:adsdkcpiadapter:1.5.1.0] AndroidManifest.xml:11:5-86:19
MERGED from [com.sunit:adsdkdownload:1.5.1.0] AndroidManifest.xml:11:5-16:19
MERGED from [com.sunit:adsdkdownload:1.5.1.0] AndroidManifest.xml:11:5-16:19
MERGED from [com.sunit:adsdkcommon:1.5.1.0] AndroidManifest.xml:14:5-16:19
MERGED from [com.sunit:adsdkcommon:1.5.1.0] AndroidManifest.xml:14:5-16:19
MERGED from [com.sunit:sdkalive:1.5.1.0] AndroidManifest.xml:28:5-275:19
MERGED from [com.sunit:sdkalive:1.5.1.0] AndroidManifest.xml:28:5-275:19
MERGED from [com.google.android.gms:play-services-gass:18.3.0] AndroidManifest.xml:7:5-20
MERGED from [com.google.android.gms:play-services-gass:18.3.0] AndroidManifest.xml:7:5-20
MERGED from [com.google.android.gms:play-services-ads-identifier:17.0.0] AndroidManifest.xml:22:5-20
MERGED from [com.google.android.gms:play-services-ads-identifier:17.0.0] AndroidManifest.xml:22:5-20
MERGED from [com.google.android.gms:play-services-location:17.0.0] AndroidManifest.xml:7:5-20
MERGED from [com.google.android.gms:play-services-location:17.0.0] AndroidManifest.xml:7:5-20
MERGED from [com.google.android.gms:play-services-ads-lite:18.3.0] AndroidManifest.xml:26:5-40:19
MERGED from [com.google.android.gms:play-services-ads-lite:18.3.0] AndroidManifest.xml:26:5-40:19
MERGED from [com.google.android.gms:play-services-base:17.0.0] AndroidManifest.xml:22:5-27:19
MERGED from [com.google.android.gms:play-services-base:17.0.0] AndroidManifest.xml:22:5-27:19
MERGED from [com.google.android.gms:play-services-tasks:17.0.0] AndroidManifest.xml:7:5-20
MERGED from [com.google.android.gms:play-services-tasks:17.0.0] AndroidManifest.xml:7:5-20
MERGED from [com.google.android.gms:play-services-places-placereport:17.0.0] AndroidManifest.xml:22:5-20
MERGED from [com.google.android.gms:play-services-places-placereport:17.0.0] AndroidManifest.xml:22:5-20
MERGED from [com.google.android.gms:play-services-measurement-base:17.1.0] AndroidManifest.xml:7:5-20
MERGED from [com.google.android.gms:play-services-measurement-base:17.1.0] AndroidManifest.xml:7:5-20
MERGED from [com.google.android.gms:play-services-basement:17.0.0] AndroidManifest.xml:22:5-26:19
MERGED from [com.google.android.gms:play-services-basement:17.0.0] AndroidManifest.xml:22:5-26:19
MERGED from [com.github.bumptech.glide:glide:4.11.0] AndroidManifest.xml:10:5-20
MERGED from [com.github.bumptech.glide:glide:4.11.0] AndroidManifest.xml:10:5-20
MERGED from [com.mopub:mopub-sdk-banner:5.10.0] AndroidManifest.xml:11:5-20
MERGED from [com.mopub:mopub-sdk-banner:5.10.0] AndroidManifest.xml:11:5-20
MERGED from [com.mopub:mopub-sdk-rewardedvideo:5.10.0] AndroidManifest.xml:11:5-16:19
MERGED from [com.mopub:mopub-sdk-rewardedvideo:5.10.0] AndroidManifest.xml:11:5-16:19
MERGED from [com.mopub:mopub-sdk-interstitial:5.10.0] AndroidManifest.xml:11:5-20:19
MERGED from [com.mopub:mopub-sdk-interstitial:5.10.0] AndroidManifest.xml:11:5-20:19
MERGED from [com.mopub:mopub-sdk-native-video:5.10.0] AndroidManifest.xml:11:5-20
MERGED from [com.mopub:mopub-sdk-native-video:5.10.0] AndroidManifest.xml:11:5-20
MERGED from [com.mopub:mopub-sdk-native-static:5.10.0] AndroidManifest.xml:11:5-20
MERGED from [com.mopub:mopub-sdk-native-static:5.10.0] AndroidManifest.xml:11:5-20
MERGED from [com.mopub:mopub-sdk-base:5.10.0] AndroidManifest.xml:15:5-28:19
MERGED from [com.mopub:mopub-sdk-base:5.10.0] AndroidManifest.xml:15:5-28:19
MERGED from [androidx.work:work-runtime:2.2.0] AndroidManifest.xml:29:5-123:19
MERGED from [androidx.work:work-runtime:2.2.0] AndroidManifest.xml:29:5-123:19
MERGED from [androidx.room:room-runtime:2.1.0] AndroidManifest.xml:24:5-28:19
MERGED from [androidx.room:room-runtime:2.1.0] AndroidManifest.xml:24:5-28:19
MERGED from [androidx.core:core:1.1.0] AndroidManifest.xml:24:5-89
MERGED from [androidx.core:core:1.1.0] AndroidManifest.xml:24:5-89
MERGED from [androidx.versionedparcelable:versionedparcelable:1.1.0] AndroidManifest.xml:24:5-25:19
MERGED from [androidx.versionedparcelable:versionedparcelable:1.1.0] AndroidManifest.xml:24:5-25:19
MERGED from [com.google.android.gms:play-services-ads-base:18.3.0] AndroidManifest.xml:7:5-20
MERGED from [com.google.android.gms:play-services-ads-base:18.3.0] AndroidManifest.xml:7:5-20
MERGED from [androidx.test:core:1.2.1-alpha02] AndroidManifest.xml:26:5-48:19
MERGED from [androidx.test:core:1.2.1-alpha02] AndroidManifest.xml:26:5-48:19
MERGED from [com.github.bumptech.glide:gifdecoder:4.11.0] AndroidManifest.xml:9:5-20
MERGED from [com.github.bumptech.glide:gifdecoder:4.11.0] AndroidManifest.xml:9:5-20
MERGED from [androidx.constraintlayout:constraintlayout:1.1.3] AndroidManifest.xml:9:5-20
MERGED from [androidx.constraintlayout:constraintlayout:1.1.3] AndroidManifest.xml:9:5-20
	android:requestLegacyExternalStorage
		ADDED from src/main/AndroidManifest.xml:5:406-449
	tools:ignore
		ADDED from src/main/AndroidManifest.xml:5:306-336
	android:icon
		ADDED from src/main/AndroidManifest.xml:5:85-116
	android:networkSecurityConfig
		ADDED from [com.sunit:login:1.5.1.0] AndroidManifest.xml:17:18-78
	android:supportsRtl
		ADDED from [com.vungle:publisher-sdk-android:6.4.11] AndroidManifest.xml:21:9-35
	android:label
		ADDED from src/main/AndroidManifest.xml:5:117-149
	android:appComponentFactory
		ADDED from src/main/AndroidManifest.xml:5:337-405
		REJECTED from [androidx.core:core:1.1.0] AndroidManifest.xml:24:18-86
	android:hardwareAccelerated
		ADDED from [com.vungle:publisher-sdk-android:6.4.11] AndroidManifest.xml:20:9-43
	android:fullBackupContent
		ADDED from src/main/AndroidManifest.xml:5:273-305
		REJECTED from [com.vungle:publisher-sdk-android:6.4.11] AndroidManifest.xml:19:9-60
	android:allowBackup
		ADDED from src/main/AndroidManifest.xml:5:16-42
	android:theme
		ADDED from src/main/AndroidManifest.xml:5:43-84
	tools:replace
		ADDED from src/main/AndroidManifest.xml:5:203-272
	android:name
		ADDED from src/main/AndroidManifest.xml:5:150-202
activity#com.unity3d.player.UnityPlayerActivity
ADDED from src/main/AndroidManifest.xml:6:5-13:16
	android:screenOrientation
		ADDED from src/main/AndroidManifest.xml:6:102-138
	android:label
		ADDED from src/main/AndroidManifest.xml:6:69-101
	android:launchMode
		ADDED from src/main/AndroidManifest.xml:6:139-170
	android:hardwareAccelerated
		ADDED from src/main/AndroidManifest.xml:6:353-388
	android:configChanges
		ADDED from src/main/AndroidManifest.xml:6:171-352
	android:name
		ADDED from src/main/AndroidManifest.xml:6:15-68
intent-filter#action:name:android.intent.action.MAIN+category:name:android.intent.category.LAUNCHER
ADDED from src/main/AndroidManifest.xml:7:7-10:23
action#android.intent.action.MAIN
ADDED from src/main/AndroidManifest.xml:8:9-61
	android:name
		ADDED from src/main/AndroidManifest.xml:8:17-58
category#android.intent.category.LAUNCHER
ADDED from src/main/AndroidManifest.xml:9:9-69
	android:name
		ADDED from src/main/AndroidManifest.xml:9:19-66
meta-data#unityplayer.UnityActivity
ADDED from src/main/AndroidManifest.xml:11:7-82
	android:value
		ADDED from src/main/AndroidManifest.xml:11:59-79
	android:name
		ADDED from src/main/AndroidManifest.xml:11:18-58
meta-data#android.notch_support
ADDED from src/main/AndroidManifest.xml:12:7-78
	android:value
		ADDED from src/main/AndroidManifest.xml:12:55-75
	android:name
		ADDED from src/main/AndroidManifest.xml:12:18-54
activity#com.facebook.ads.AudienceNetworkActivity
ADDED from src/main/AndroidManifest.xml:15:5-258
MERGED from [com.facebook.android:audience-network-sdk:5.6.1] AndroidManifest.xml:15:9-19:75
MERGED from [com.facebook.android:audience-network-sdk:5.6.1] AndroidManifest.xml:15:9-19:75
MERGED from [com.mopub.mediation:facebookaudiencenetwork:5.6.1.0] AndroidManifest.xml:11:9-13:50
MERGED from [com.mopub.mediation:facebookaudiencenetwork:5.6.1.0] AndroidManifest.xml:11:9-13:50
MERGED from [com.sunit:admediation:1.5.1.0] AndroidManifest.xml:21:9-26:53
MERGED from [com.sunit:admediation:1.5.1.0] AndroidManifest.xml:21:9-26:53
	android:multiprocess
		ADDED from src/main/AndroidManifest.xml:15:190-217
	android:hardwareAccelerated
		ADDED from src/main/AndroidManifest.xml:15:155-189
	android:exported
		ADDED from [com.facebook.android:audience-network-sdk:5.6.1] AndroidManifest.xml:18:13-37
	android:configChanges
		ADDED from src/main/AndroidManifest.xml:15:71-154
		REJECTED from [com.facebook.android:audience-network-sdk:5.6.1] AndroidManifest.xml:17:13-74
		REJECTED from [com.sunit:admediation:1.5.1.0] AndroidManifest.xml:23:13-96
	android:theme
		ADDED from [com.facebook.android:audience-network-sdk:5.6.1] AndroidManifest.xml:19:13-72
	tools:replace
		ADDED from src/main/AndroidManifest.xml:15:218-255
	android:name
		ADDED from src/main/AndroidManifest.xml:15:15-70
meta-data#flurry.sdk.API_KEY
ADDED from src/main/AndroidManifest.xml:18:5-89
	android:value
		ADDED from src/main/AndroidManifest.xml:18:50-86
	android:name
		ADDED from src/main/AndroidManifest.xml:18:16-49
meta-data#appsflyer.sdk.DEV_KEY
ADDED from src/main/AndroidManifest.xml:24:5-94
	android:value
		ADDED from src/main/AndroidManifest.xml:24:53-91
	android:name
		ADDED from src/main/AndroidManifest.xml:24:16-52
meta-data#com.facebook.sdk.ApplicationId
ADDED from src/main/AndroidManifest.xml:31:5-99
	android:value
		ADDED from src/main/AndroidManifest.xml:31:62-96
	android:name
		ADDED from src/main/AndroidManifest.xml:31:16-61
meta-data#com.ushareit.ads.KEY_APP_ID
ADDED from src/main/AndroidManifest.xml:36:5-85
	android:value
		ADDED from src/main/AndroidManifest.xml:36:59-82
	android:name
		ADDED from src/main/AndroidManifest.xml:36:16-58
meta-data#com.google.android.gms.ads.APPLICATION_ID
ADDED from src/main/AndroidManifest.xml:40:5-130
	android:value
		ADDED from src/main/AndroidManifest.xml:40:73-127
	android:name
		ADDED from src/main/AndroidManifest.xml:40:16-72
meta-data#applovin.sdk.key
ADDED from src/main/AndroidManifest.xml:44:5-153
MERGED from [com.sunit:admediation:1.5.1.0] AndroidManifest.xml:59:9-61:118
MERGED from [com.sunit:admediation:1.5.1.0] AndroidManifest.xml:59:9-61:118
	android:value
		ADDED from src/main/AndroidManifest.xml:44:48-150
	android:name
		ADDED from src/main/AndroidManifest.xml:44:16-47
meta-data#com.sunit.channel
ADDED from src/main/AndroidManifest.xml:48:5-75
	android:value
		ADDED from src/main/AndroidManifest.xml:48:49-72
	android:name
		ADDED from src/main/AndroidManifest.xml:48:16-48
meta-data#unity.build-id
ADDED from src/main/AndroidManifest.xml:53:5-101
	android:value
		ADDED from src/main/AndroidManifest.xml:53:46-98
	android:name
		ADDED from src/main/AndroidManifest.xml:53:16-45
meta-data#unity.splash-mode
ADDED from src/main/AndroidManifest.xml:54:5-69
	android:value
		ADDED from src/main/AndroidManifest.xml:54:49-66
	android:name
		ADDED from src/main/AndroidManifest.xml:54:16-48
meta-data#unity.splash-enable
ADDED from src/main/AndroidManifest.xml:55:5-74
	android:value
		ADDED from src/main/AndroidManifest.xml:55:51-71
	android:name
		ADDED from src/main/AndroidManifest.xml:55:16-50
meta-data#notch.config
ADDED from src/main/AndroidManifest.xml:56:5-81
	android:value
		ADDED from src/main/AndroidManifest.xml:56:44-78
	android:name
		ADDED from src/main/AndroidManifest.xml:56:16-43
uses-feature#0x00020000
ADDED from src/main/AndroidManifest.xml:58:3-52
	android:glEsVersion
		ADDED from src/main/AndroidManifest.xml:58:17-49
uses-permission#android.permission.INTERNET
ADDED from src/main/AndroidManifest.xml:59:3-65
MERGED from [com.adcolony:sdk:4.1.0] AndroidManifest.xml:13:5-67
MERGED from [com.adcolony:sdk:4.1.0] AndroidManifest.xml:13:5-67
MERGED from [com.applovin:applovin-sdk:9.11.4] AndroidManifest.xml:11:5-67
MERGED from [com.applovin:applovin-sdk:9.11.4] AndroidManifest.xml:11:5-67
MERGED from [com.facebook.android:audience-network-sdk:5.6.1] AndroidManifest.xml:11:5-67
MERGED from [com.facebook.android:audience-network-sdk:5.6.1] AndroidManifest.xml:11:5-67
MERGED from [com.unity3d.ads:unity-ads:3.4.2] AndroidManifest.xml:12:5-67
MERGED from [com.unity3d.ads:unity-ads:3.4.2] AndroidManifest.xml:12:5-67
MERGED from [com.mopub.mediation:admob:18.3.0.3] AndroidManifest.xml:10:5-67
MERGED from [com.mopub.mediation:admob:18.3.0.3] AndroidManifest.xml:10:5-67
MERGED from [com.fyber.vamp:core-sdk:7.3.4] AndroidManifest.xml:11:5-67
MERGED from [com.fyber.vamp:core-sdk:7.3.4] AndroidManifest.xml:11:5-67
MERGED from [com.flurry.android:analytics:12.1.0] AndroidManifest.xml:12:5-67
MERGED from [com.flurry.android:analytics:12.1.0] AndroidManifest.xml:12:5-67
MERGED from [com.sunit:admediation:1.5.1.0] AndroidManifest.xml:13:5-67
MERGED from [com.sunit:admediation:1.5.1.0] AndroidManifest.xml:13:5-67
MERGED from [com.sunit:assistant:1.5.1.0] AndroidManifest.xml:11:5-67
MERGED from [com.sunit:assistant:1.5.1.0] AndroidManifest.xml:11:5-67
MERGED from [com.sunit:update:1.5.1.0] AndroidManifest.xml:11:5-67
MERGED from [com.sunit:update:1.5.1.0] AndroidManifest.xml:11:5-67
MERGED from [com.sunit:login:1.5.1.0] AndroidManifest.xml:11:5-67
MERGED from [com.sunit:login:1.5.1.0] AndroidManifest.xml:11:5-67
MERGED from [com.ushareit:paylite:1.1.80] AndroidManifest.xml:11:5-67
MERGED from [com.ushareit:paylite:1.1.80] AndroidManifest.xml:11:5-67
MERGED from [com.sunit:base:1.5.1.0] AndroidManifest.xml:12:5-67
MERGED from [com.sunit:base:1.5.1.0] AndroidManifest.xml:12:5-67
MERGED from [com.sunit:adshonor:1.5.1.0] AndroidManifest.xml:11:5-67
MERGED from [com.sunit:adshonor:1.5.1.0] AndroidManifest.xml:11:5-67
MERGED from [com.sunit:sdkalive:1.5.1.0] AndroidManifest.xml:17:5-67
MERGED from [com.sunit:sdkalive:1.5.1.0] AndroidManifest.xml:17:5-67
MERGED from [com.google.android.gms:play-services-ads-lite:18.3.0] AndroidManifest.xml:23:5-67
MERGED from [com.google.android.gms:play-services-ads-lite:18.3.0] AndroidManifest.xml:23:5-67
MERGED from [com.google.android.gms:play-services-measurement-sdk-api:17.1.0] AndroidManifest.xml:23:5-67
MERGED from [com.google.android.gms:play-services-measurement-sdk-api:17.1.0] AndroidManifest.xml:23:5-67
MERGED from [com.mopub:mopub-sdk-base:5.10.0] AndroidManifest.xml:11:5-67
MERGED from [com.mopub:mopub-sdk-base:5.10.0] AndroidManifest.xml:11:5-67
	android:name
		ADDED from src/main/AndroidManifest.xml:59:20-62
uses-feature#android.hardware.touchscreen
ADDED from src/main/AndroidManifest.xml:60:3-88
	android:required
		ADDED from src/main/AndroidManifest.xml:60:61-85
	android:name
		ADDED from src/main/AndroidManifest.xml:60:17-60
uses-feature#android.hardware.touchscreen.multitouch
ADDED from src/main/AndroidManifest.xml:61:3-99
	android:required
		ADDED from src/main/AndroidManifest.xml:61:72-96
	android:name
		ADDED from src/main/AndroidManifest.xml:61:17-71
uses-feature#android.hardware.touchscreen.multitouch.distinct
ADDED from src/main/AndroidManifest.xml:62:3-108
	android:required
		ADDED from src/main/AndroidManifest.xml:62:81-105
	android:name
		ADDED from src/main/AndroidManifest.xml:62:17-80
uses-sdk
INJECTED from src/main/AndroidManifest.xml reason: use-sdk injection requested
INJECTED from src/main/AndroidManifest.xml
INJECTED from src/main/AndroidManifest.xml
MERGED from [com.sunit:aggregation-android:1.5.1.0] AndroidManifest.xml:7:5-9:41